<?xml version="1.0" encoding="UTF-8"?>
<!-- Generated by org.testng.reporters.JUnitReportReporter -->
<testsuite hostname="DESKTOP-HE4GTMG" failures="0" tests="1" name="automation.InvalidLogin" time="1.410" errors="0" timestamp="2024-09-11T15:11:27 IST" skipped="0">
  <testcase classname="automation.InvalidLogin" name="Login" time="1.410"/>
</testsuite> <!-- automation.InvalidLogin -->
